<?xml version="1.0" encoding="UTF-8"?>
<!-- Generated by org.testng.reporters.JUnitReportReporter -->
<testsuite hostname="CPC-debas-HPLU6" failures="0" tests="5" name="com.qa.starwars.tests.GetFilmsAPI" time="7.580" errors="0" timestamp="2024-05-03T09:44:27 IST" skipped="0">
  <testcase classname="com.qa.starwars.tests.GetFilmsAPI" name="verifyFilmTitles" time="1.380"/>
  <testcase classname="com.qa.starwars.tests.GetFilmsAPI" name="verifyFilmTitles" time="1.266"/>
  <testcase classname="com.qa.starwars.tests.GetFilmsAPI" name="verifyFilmTitles" time="4.570"/>
  <testcase classname="com.qa.starwars.tests.GetFilmsAPI" name="verifyFilmTitles" time="0.182"/>
  <testcase classname="com.qa.starwars.tests.GetFilmsAPI" name="verifyFilmTitles" time="0.182"/>
</testsuite> <!-- com.qa.starwars.tests.GetFilmsAPI -->
